<?xml version="1.0" encoding="UTF-8"?>
<!-- Generated by org.testng.reporters.JUnitReportReporter -->
<testsuite hostname="MD-5Q0H9F2" failures="0" tests="3" name="Tests.GetInvolvePageTest" time="9.082" errors="0" timestamp="2021-08-12T00:08:57 IST" skipped="0">
  <testcase classname="Tests.GetInvolvePageTest" name="test3" time="0.325"/>
  <system-out/>
  <testcase classname="Tests.GetInvolvePageTest" name="test2" time="0.016"/>
  <system-out/>
  <testcase classname="Tests.GetInvolvePageTest" name="test1" time="8.741"/>
  <system-out/>
</testsuite> <!-- Tests.GetInvolvePageTest -->
