<?xml version="1.0" encoding="UTF-8"?>
<!-- Generated by org.testng.reporters.JUnitReportReporter -->
<testsuite hostname="MD-5Q0H9F2" failures="0" tests="2" name="Tests.GetInvolvePageTest" time="28.601" errors="0" timestamp="2021-08-11T14:14:30 IST" skipped="0">
  <testcase classname="Tests.GetInvolvePageTest" name="test1" time="28.574"/>
  <system-out/>
  <testcase classname="Tests.GetInvolvePageTest" name="test2" time="0.027"/>
  <system-out/>
</testsuite> <!-- Tests.GetInvolvePageTest -->
